"../../../Engine/Content/EditorResources/S_Actor.uasset" 0
"../../../Engine/Content/EngineFonts/Roboto.uasset" 1
"../../../Engine/Content/Functions/Engine_MaterialFunctions01/Shading/PowerToRoughness.uasset" 2
"../../../Engine/Content/Functions/Engine_MaterialFunctions01/Shading/ConvertFromDiffSpec.uasset" 3
"../../../Engine/Content/EngineMaterials/DefaultDiffuse.uasset" 4
"../../../Engine/Content/EngineMaterials/DefaultDeferredDecalMaterial.uasset" 5
"../../../Engine/Content/EngineMaterials/DefaultLightFunctionMaterial.uasset" 6
"../../../Engine/Content/Functions/Engine_MaterialFunctions02/Utility/BreakOutFloat2Components.uasset" 7
"../../../Engine/Content/EngineMaterials/DefaultPostProcessMaterial.uasset" 8
"../../../Engine/Content/EngineResources/DefaultTexture.uasset" 9
"../../../Engine/Content/Functions/Engine_MaterialFunctions01/Texturing/ScaleUVsByCenter.uasset" 10
"../../../Engine/Content/Functions/Engine_MaterialFunctions02/ScreenResolution.uasset" 11
"../../../Engine/Content/Functions/Engine_MaterialFunctions02/Texturing/ScreenAlignedUVs.uasset" 12
"../../../Engine/Content/EngineResources/WhiteSquareTexture.uasset" 13
"../../../Engine/Content/EngineMaterials/Widget3DPassThrough.uasset" 14
"../../../Engine/Content/EngineMaterials/Widget3DPassThrough_Translucent.uasset" 15
"../../../Engine/Content/EngineMaterials/Widget3DPassThrough_Translucent_OneSided.uasset" 16
"../../../Engine/Content/EngineMaterials/Widget3DPassThrough_Opaque.uasset" 17
"../../../Engine/Content/EngineMaterials/Widget3DPassThrough_Opaque_OneSided.uasset" 18
"../../../Engine/Content/EngineMaterials/Widget3DPassThrough_Masked.uasset" 19
"../../../Engine/Content/EngineMaterials/Widget3DPassThrough_Masked_OneSided.uasset" 20
"../../../Engine/Content/Maps/Templates/Thumbnails/Default.uasset" 21
"../../../Engine/Content/EditorMaterials/ParticleSystems/PSysThumbnail_NoImage.uasset" 22
"../../../Engine/Content/EditorMaterials/ParticleSystems/PSysThumbnail_OOD.uasset" 23
"../../../Engine/Content/EditorLandscapeResources/DataLayer.uasset" 24
"../../../Engine/Content/EngineDamageTypes/DmgTypeBP_Environmental.uasset" 25
"../../../Engine/Content/EngineMeshes/Sphere.uasset" 26
"../../../Engine/Content/EngineFonts/RobotoDistanceField.uasset" 27
"../../../Engine/Content/EngineMaterials/DefaultTextMaterialOpaque.uasset" 28
"../../../Engine/Content/EditorResources/S_Trigger.uasset" 29
"../../../Engine/Content/EngineResources/GradientTexture0.uasset" 30
"../../../Engine/Content/EngineResources/Black.uasset" 31
"../../../Engine/Content/EditorMaterials/MatineeGroups/MAT_Groups_Float.uasset" 32
"../../../Engine/Content/EditorMaterials/MatineeGroups/MAT_Groups_Director.uasset" 33
"../../../Engine/Content/EditorMaterials/MatineeGroups/MAT_Groups_Event.uasset" 34
"../../../Engine/Content/EditorMaterials/MatineeGroups/MAT_Groups_Anim.uasset" 35
"../../../Engine/Content/EditorMaterials/MatineeGroups/MAT_Groups_Fade.uasset" 36
"../../../Engine/Content/EditorMaterials/MatineeGroups/MAT_Groups_Move.uasset" 37
"../../../Engine/Content/EditorMaterials/MatineeGroups/MAT_Groups_Slomo.uasset" 38
"../../../Engine/Content/EditorMaterials/MatineeGroups/MAT_ColorTrack.uasset" 39
"../../../Engine/Content/EditorMaterials/MAT_Groups_Toggle.uasset" 40
"../../../Engine/Content/EditorMaterials/MatineeGroups/MAT_Groups_AudioMaster.uasset" 41
"../../../Engine/Content/EditorMaterials/MatineeGroups/MAT_Groups_Sound.uasset" 42
"../../../Engine/Content/EditorMaterials/MatineeGroups/MAT_Groups_Vector.uasset" 43
"../../../Engine/Content/EditorMaterials/MAT_Groups_Visibility.uasset" 44
"../../../Engine/Content/EngineResources/DefaultTextureCube.uasset" 45
"../../../Engine/Content/Functions/Engine_MaterialFunctions01/Opacity/CameraDepthFade.uasset" 46
"../../../Engine/Content/EngineMaterials/T_Default_Material_Grid_M.uasset" 47
"../../../Engine/Content/EngineMaterials/T_Default_Material_Grid_N.uasset" 48
"../../../Engine/Content/EngineMaterials/DefaultMaterial.uasset" 49
"../../../Engine/Content/EngineMeshes/Cylinder.uasset" 50
"../../../Engine/Content/EngineTireTypes/DefaultTireType.uasset" 51
"../../../Engine/Content/Tutorial/ContentIntroCurve.uasset" 52
"../../../Engine/Plugins/2D/Paper2D/Content/PlaceholderTextures/DummySpriteTexture.uasset" 53
"../../../Engine/Plugins/2D/Paper2D/Content/DefaultSpriteMaterial.uasset" 54
"../../../Engine/Plugins/2D/Paper2D/Content/MaskedUnlitSpriteMaterial.uasset" 55
"../../../Engine/Plugins/2D/Paper2D/Content/OpaqueUnlitSpriteMaterial.uasset" 56
"../../../Engine/Plugins/2D/Paper2D/Content/DummySprite.uasset" 57
"../../../Engine/Plugins/2D/Paper2D/Content/DefaultPaperTerrainMaterial.uasset" 58
"../../../Engine/Content/EngineMaterials/RemoveSurfaceMaterial.uasset" 59
"../../../Engine/Content/EngineDebugMaterials/DebugMeshMaterial.uasset" 60
"../../../Engine/Content/EngineMaterials/InvalidLightmapSettings.uasset" 61
"../../../Engine/Content/EngineMaterials/M_InvalidLightmapSettings.uasset" 62
"../../../Engine/Content/EditorMaterials/GizmoMaterial.uasset" 63
"../../../Engine/Content/EngineMaterials/Good64x64TilingNoiseHighFreq.uasset" 64
"../../../Engine/Content/EngineMaterials/DefaultBokeh.uasset" 65
"../../../Engine/Content/EngineMaterials/PreintegratedSkinBRDF.uasset" 66
"../../../Engine/Content/EngineMaterials/MiniFont.uasset" 67
"../../../Engine/Content/EngineMaterials/WeightMapPlaceholderTexture.uasset" 68
"../../../Engine/Content/EngineMaterials/DefaultWhiteGrid.uasset" 69
"../../../Engine/Content/EngineMaterials/DefaultPhysicalMaterial.uasset" 70
"../../../Engine/Content/EngineFonts/RobotoTiny.uasset" 71
"../../../Engine/Content/EngineResources/AICON-Red.uasset" 72
"../../../Engine/Content/EngineResources/AICON-Green.uasset" 73
"../../../DemoSun/Content/StarterContent/Maps/FirstPerson/Character/Textures/UE4_Mannequin_MAT_MASKA.uasset" 74
"../../../DemoSun/Content/StarterContent/Maps/FirstPerson/Character/Textures/UE4_LOGO_CARD.uasset" 75
"../../../DemoSun/Content/StarterContent/Maps/FirstPerson/FPWeapon/Materials/MaterialLayers/T_ML_Aluminum01_N.uasset" 76
"../../../DemoSun/Content/StarterContent/Maps/FirstPerson/FPWeapon/Materials/MaterialLayers/T_ML_Rubber_Blue_01_D.uasset" 77
"../../../Engine/Content/Functions/Engine_MaterialFunctions02/Utility/BlendAngleCorrectedNormals.uasset" 78
"../../../DemoSun/Content/StarterContent/Textures/T_Perlin_Noise_M.uasset" 79
"../../../DemoSun/Content/StarterContent/Textures/T_Water_M.uasset" 80
"../../../DemoSun/Content/StarterContent/Textures/T_Water_N.uasset" 81
"../../../DemoSun/Content/StarterContent/Maps/StarterContent/Materials/M_Water_Ocean.uasset" 82
"../../../DemoSun/Content/StarterContent/Materials/M_Basic_Wall.uasset" 83
"../../../DemoSun/Content/StarterContent/Shapes/Shape_Wedge_B.uasset" 84
"../../../DemoSun/Content/StarterContent/Shapes/Shape_WideCapsule.uasset" 85
"../../../DemoSun/Content/StarterContent/Shapes/Shape_Wedge_A.uasset" 86
"../../../Engine/Content/MobileResources/HUD/MobileHUDButton3.uasset" 87
"../../../DemoSun/Content/StarterContent/Maps/FirstPerson/Character/Materials/MaterialLayers/ML_Plastic_Shiny_Beige.uasset" 88
"../../../DemoSun/Content/StarterContent/Maps/FirstPerson/Character/Materials/MaterialLayers/ML_Plastic_Shiny_Beige_LOGO.uasset" 89
"../../../DemoSun/Content/StarterContent/Maps/FirstPerson/Character/Materials/MaterialLayers/ML_SoftMetal_UE4.uasset" 90
"../../../DemoSun/Content/StarterContent/Textures/T_Smoke_SubUV.uasset" 91
"../../../DemoSun/Content/StarterContent/Textures/T_Smoke_Tiled_D.uasset" 92
"../../../DemoSun/Content/StarterContent/Particles/Materials/M_smoke_subUV.uasset" 93
"../../../DemoSun/Content/StarterContent/Maps/StarterContent/Particles/P_Steam_Lit.uasset" 94
"../../../DemoSun/Content/StarterContent/Maps/StarterContent/Particles/Materials/M_smoke_subUV.uasset" 95
"../../../DemoSun/Content/StarterContent/Maps/StarterContent/Textures/T_Smoke_Tiled_D.uasset" 96
"../../../DemoSun/Content/StarterContent/Textures/T_MacroVariation.uasset" 97
"../../../DemoSun/Content/StarterContent/Textures/T_Wood_Pine_D.uasset" 98
"../../../DemoSun/Content/StarterContent/Textures/T_Wood_Pine_N.uasset" 99
"../../../DemoSun/Content/StarterContent/Materials/M_Wood_Pine.uasset" 100
"../../../DemoSun/Content/StarterContent/Textures/T_Wood_Walnut_D.uasset" 101
"../../../DemoSun/Content/StarterContent/Textures/T_Wood_Walnut_N.uasset" 102
"../../../DemoSun/Content/StarterContent/Materials/M_Wood_Walnut.uasset" 103
"../../../DemoSun/Content/StarterContent/Textures/T_Dust_Particle_D.uasset" 104
"../../../DemoSun/Content/StarterContent/Particles/Materials/M_Dust_Particle.uasset" 105
"../../../DemoSun/Content/StarterContent/Particles/P_Ambient_Dust.uasset" 106
"../../../DemoSun/Content/StarterContent/Maps/FirstPerson/Character/Materials/MaterialLayers/T_ML_Aluminum01_N.uasset" 107
"../../../DemoSun/Content/StarterContent/Maps/FirstPerson/Character/Mesh/SK_Mannequin_Arms_Skeleton.uasset" 108
"../../../DemoSun/Content/StarterContent/Maps/StarterContent/Textures/T_Smoke_SubUV.uasset" 109
"../../../DemoSun/Content/StarterContent/Maps/FirstPerson/Character/Materials/MaterialLayers/T_ML_Rubber_Blue_01_D.uasset" 110
"../../../DemoSun/Content/StarterContent/Maps/FirstPerson/Character/Mesh/SK_Mannequin_Arms_PhysicsAsset.uasset" 111
"../../../DemoSun/Content/StarterContent/Maps/FirstPerson/FPWeapon/Materials/MaterialLayers/T_ML_Aluminum01.uasset" 112
"../../../Engine/Content/MobileResources/HUD/MobileHUDButton1_on.uasset" 113
"../../../Engine/Content/MobileResources/HUD/MobileHUDButtonFire.uasset" 114
"../../../DemoSun/Content/StarterContent/Maps/FirstPerson/Animations/FirstPerson_JumpStart.uasset" 115
"../../../DemoSun/Content/StarterContent/Maps/FirstPerson/Animations/FirstPerson_Run.uasset" 116
"../../../DemoSun/Content/StarterContent/Maps/FirstPerson/Audio/FirstPersonTemplateWeaponFire02.uasset" 117
"../../../Engine/Content/Functions/MaterialLayerFunctions/MatLayerBlend_NormalBlend.uasset" 118
"../../../Engine/Content/Functions/MaterialLayerFunctions/MatLayerBlend_Simple.uasset" 119
"../../../DemoSun/Content/StarterContent/Maps/FirstPerson/Character/Materials/M_UE4Man_Body.uasset" 120
"../../../DemoSun/Content/StarterContent/Maps/FirstPerson/Character/Materials/MaterialLayers/ML_GlossyBlack_Latex_UE4.uasset" 121
"../../../DemoSun/Content/StarterContent/Maps/FirstPerson/Character/Materials/MaterialLayers/T_ML_Aluminum01.uasset" 122
"../../../Engine/Content/MobileResources/HUD/MobileHUDButton1_off.uasset" 123
"../../../Engine/Content/MobileResources/HUD/MobileHUDDirectionPad2.uasset" 124
"../../../DemoSun/Content/StarterContent/Maps/FirstPerson/Animations/FirstPerson_JumpEnd.uasset" 125
"../../../DemoSun/Content/StarterContent/Maps/FirstPerson/Animations/FirstPerson_JumpLoop.uasset" 126
"../../../DemoSun/Content/StarterContent/Maps/FirstPerson/FPWeapon/Textures/T_FPGun_M.uasset" 127
"../../../DemoSun/Content/StarterContent/Maps/StarterContent/Architecture/Wall_Door_400x300.uasset" 128
"../../../Engine/Content/EditorResources/AudioIcons/S_AudioComponent_AutoActivate.uasset" 129
"../../../Engine/Content/EditorResources/EmptyActor.uasset" 130
"../../../Engine/Content/MobileResources/T_MobileMenu2.uasset" 131
"../../../Engine/Content/MobileResources/HUD/VirtualJoystick_Background.uasset" 132
"../../../Engine/Content/MobileResources/HUD/VirtualJoystick_Thumb.uasset" 133
"../../../Engine/Content/MobileResources/HUD/LeftVirtualJoystickOnly.uasset" 134
"../../../Engine/Content/MobileResources/HUD/MobileHUDDirectionPad.uasset" 135
"../../../Engine/Content/MobileResources/HUD/MobileHUDDirectionPad3.uasset" 136
"../../../Engine/Content/MobileResources/HUD/T_Castle_ThumbstickInner.uasset" 137
"../../../DemoSun/Content/StarterContent/Maps/FirstPerson/Animations/FirstPerson_Idle.uasset" 138
"../../../DemoSun/Content/StarterContent/Maps/FirstPerson/FPWeapon/Materials/MaterialLayers/T_ML_Rubber_Blue_01_N.uasset" 139
"../../../DemoSun/Content/StarterContent/Maps/FirstPerson/FPWeapon/Mesh/SK_FPGun.uasset" 140
"../../../DemoSun/Content/StarterContent/Maps/FirstPerson/FPWeapon/Mesh/SK_FPGun_Skeleton.uasset" 141
"../../../DemoSun/Content/StarterContent/Maps/StarterContent/Textures/T_Perlin_Noise_M.uasset" 142
"../../../DemoSun/Content/StarterContent/Shapes/Shape_Pipe.uasset" 143
"../../../DemoSun/Content/StarterContent/Shapes/Shape_Pipe_180.uasset" 144
"../../../DemoSun/Content/StarterContent/Shapes/Shape_Pipe_90.uasset" 145
"../../../DemoSun/Content/StarterContent/Shapes/Shape_Plane.uasset" 146
"../../../DemoSun/Content/StarterContent/Shapes/Shape_QuadPyramid.uasset" 147
"../../../DemoSun/Content/StarterContent/Shapes/Shape_Sphere.uasset" 148
"../../../DemoSun/Content/StarterContent/Shapes/Shape_Torus.uasset" 149
"../../../DemoSun/Content/StarterContent/Shapes/Shape_Trim.uasset" 150
"../../../DemoSun/Content/StarterContent/Shapes/Shape_Trim_90_In.uasset" 151
"../../../DemoSun/Content/StarterContent/Shapes/Shape_Trim_90_Out.uasset" 152
"../../../DemoSun/Content/StarterContent/Shapes/Shape_TriPyramid.uasset" 153
"../../../DemoSun/Content/StarterContent/Shapes/Shape_Tube.uasset" 154
"../../../DemoSun/Content/StarterContent/Maps/FirstPerson/Character/Materials/MaterialLayers/T_ML_Rubber_Blue_01_N.uasset" 155
"../../../DemoSun/Content/StarterContent/Maps/FirstPerson/Character/Mesh/SK_Mannequin_Arms.uasset" 156
"../../../DemoSun/Content/StarterContent/Maps/FirstPerson/Character/Textures/UE4_Mannequin__normals.uasset" 157
"../../../DemoSun/Content/StarterContent/Maps/FirstPerson/FPWeapon/Materials/M_FPGun.uasset" 158
"../../../DemoSun/Content/StarterContent/Maps/FirstPerson/FPWeapon/Materials/MaterialLayers/ML_GlossyBlack_Latex_UE4.uasset" 159
"../../../DemoSun/Content/StarterContent/Maps/FirstPerson/FPWeapon/Materials/MaterialLayers/ML_Plastic_Shiny_Beige.uasset" 160
"../../../DemoSun/Content/StarterContent/Maps/FirstPerson/FPWeapon/Materials/MaterialLayers/ML_Screen.uasset" 161
"../../../DemoSun/Content/StarterContent/Maps/FirstPerson/FPWeapon/Materials/MaterialLayers/ML_SoftMetal_UE4.uasset" 162
"../../../DemoSun/Content/StarterContent/Maps/StarterContent/Particles/P_Smoke.uasset" 163
"../../../DemoSun/Content/StarterContent/HDRI/HDRI_Epic_Courtyard_Daylight.uasset" 164
"../../../DemoSun/Content/StarterContent/HDRI/HDRI_Epic_Courtyard_Daylight_Mat.uasset" 165
"../../../DemoSun/Content/StarterContent/Maps/FirstPerson/Animations/FirstPersonFire_Montage.uasset" 166
"../../../Engine/Content/EditorBlueprintResources/StandardMacros.uasset" 167
"../../../DemoSun/Content/StarterContent/Maps/FirstPerson/Animations/FirstPerson_AnimBP.uasset" 168
"../../../DemoSun/Content/StarterContent/Maps/FirstPerson/Animations/FirstPerson_Fire.uasset" 169
"../../../DemoSun/Content/StarterContent/Maps/StarterContent/Textures/T_Water_M.uasset" 170
"../../../DemoSun/Content/StarterContent/Textures/T_Metal_Aluminum_D.uasset" 171
"../../../DemoSun/Content/StarterContent/Textures/T_Metal_Gold_N.uasset" 172
"../../../DemoSun/Content/StarterContent/Materials/M_Metal_Burnished_Steel.uasset" 173
"../../../DemoSun/Content/StarterContent/Materials/M_Metal_Chrome.uasset" 174
"../../../DemoSun/Content/StarterContent/Textures/T_Metal_Copper_D.uasset" 175
"../../../DemoSun/Content/StarterContent/Materials/M_Metal_Copper.uasset" 176
"../../../DemoSun/Content/StarterContent/Textures/T_Metal_Gold_D.uasset" 177
"../../../DemoSun/Content/StarterContent/Materials/M_Metal_Gold.uasset" 178
"../../../DemoSun/Content/StarterContent/Textures/T_Metal_Rust_D.uasset" 179
"../../../DemoSun/Content/StarterContent/Textures/T_Metal_Rust_N.uasset" 180
"../../../DemoSun/Content/StarterContent/Materials/M_Metal_Rust.uasset" 181
"../../../DemoSun/Content/StarterContent/Textures/T_Metal_Steel_D.uasset" 182
"../../../DemoSun/Content/StarterContent/Textures/T_Metal_Steel_N.uasset" 183
"../../../DemoSun/Content/StarterContent/Materials/M_Metal_Steel.uasset" 184
"../../../DemoSun/Content/StarterContent/Textures/T_Rock_Basalt_D.uasset" 185
"../../../DemoSun/Content/StarterContent/Textures/T_Rock_Basalt_N.uasset" 186
"../../../DemoSun/Content/StarterContent/Materials/M_Rock_Basalt.uasset" 187
"../../../DemoSun/Content/StarterContent/Textures/T_Rock_Marble_Polished_D.uasset" 188
"../../../DemoSun/Content/StarterContent/Materials/M_Rock_Marble_Polished.uasset" 189
"../../../DemoSun/Content/StarterContent/Textures/T_Rock_Sandstone_D.uasset" 190
"../../../DemoSun/Content/StarterContent/Textures/T_Rock_Sandstone_N.uasset" 191
"../../../DemoSun/Content/StarterContent/Materials/M_Rock_Sandstone.uasset" 192
"../../../DemoSun/Content/StarterContent/Textures/T_Rock_Slate_D.uasset" 193
"../../../DemoSun/Content/StarterContent/Textures/T_Rock_Slate_N.uasset" 194
"../../../DemoSun/Content/StarterContent/Materials/M_Rock_Slate.uasset" 195
"../../../DemoSun/Content/StarterContent/Textures/T_Checker_Noise_M.uasset" 196
"../../../DemoSun/Content/StarterContent/Textures/T_Single_Tile_N.uasset" 197
"../../../DemoSun/Content/StarterContent/Textures/T_Tech_Dot_M.uasset" 198
"../../../DemoSun/Content/StarterContent/Textures/T_Tech_Dot_N.uasset" 199
"../../../DemoSun/Content/StarterContent/Materials/M_Tech_Checker_Dot.uasset" 200
"../../../DemoSun/Content/StarterContent/Textures/T_Tech_Hex_Tile_M.uasset" 201
"../../../DemoSun/Content/StarterContent/Textures/T_Tech_Hex_Tile_N.uasset" 202
"../../../DemoSun/Content/StarterContent/Materials/M_Tech_Hex_Tile_Pulse.uasset" 203
"../../../DemoSun/Content/StarterContent/Textures/T_Wood_Floor_Walnut_D.uasset" 204
"../../../DemoSun/Content/StarterContent/Textures/T_Wood_Floor_Walnut_M.uasset" 205
"../../../DemoSun/Content/StarterContent/Textures/T_Wood_Floor_Walnut_N.uasset" 206
"../../../DemoSun/Content/StarterContent/Materials/M_Wood_Floor_Walnut_Polished.uasset" 207
"../../../Engine/Content/Functions/Engine_MaterialFunctions01/Opacity/AlphaOffset.uasset" 208
"../../../DemoSun/Content/StarterContent/Materials/M_Wood_Floor_Walnut_Worn.uasset" 209
"../../../DemoSun/Content/StarterContent/Textures/T_Wood_Oak_D.uasset" 210
"../../../DemoSun/Content/StarterContent/Textures/T_Wood_Oak_N.uasset" 211
"../../../DemoSun/Content/StarterContent/Materials/M_Wood_Oak.uasset" 212
"../../../Engine/Content/EditorMaterials/PhAT_JointLimitMaterial.uasset" 213
"../../../Engine/Content/EditorMaterials/PreviewShadowIndicator.uasset" 214
"../../../Engine/Content/EditorMaterials/PreviewShadowIndicatorMaterial.uasset" 215
"../../../Engine/Content/EditorMeshes/ColorCalibrator/M_ChromeBall.uasset" 216
"../../../Engine/Content/EditorMeshes/ColorCalibrator/M_ClearCoat.uasset" 217
"../../../Engine/Content/EditorMeshes/ColorCalibrator/M_ClearCoatBlack.uasset" 218
"../../../Engine/Content/EditorMeshes/ColorCalibrator/T_ColorGrid.uasset" 219
"../../../Engine/Content/EditorMeshes/ColorCalibrator/M_ColorGrid.uasset" 220
"../../../Engine/Content/EditorMeshes/ColorCalibrator/M_GreyBall.uasset" 221
"../../../Engine/Content/EditorMeshes/ColorCalibrator/SM_ColorCalibrator.uasset" 222
"../../../Engine/Content/EditorResources/BSPVertex.uasset" 223
"../../../Engine/Content/EngineDebugMaterials/HeatmapGradient.uasset" 224
"../../../Engine/Content/EngineDebugMaterials/BoneWeightMaterial.uasset" 225
"../../../Engine/Content/EngineDebugMaterials/GeomMaterial.uasset" 226
"../../../Engine/Content/EngineMaterials/EditorBrushMaterial.uasset" 227
"../../../Engine/Content/EngineMeshes/Cube.uasset" 228
"../../../Engine/Content/MobileResources/T_MobileControls_texture.uasset" 229
"../../../Engine/Content/MobileResources/HUD/AnalogHat.uasset" 230
"../../../Engine/Content/MobileResources/HUD/DefaultVirtualJoysticks.uasset" 231
"../../../Engine/Content/MobileResources/HUD/MobileHUDButton2_off.uasset" 232
"../../../Engine/Content/MobileResources/HUD/MobileHUDButton2_on.uasset" 233
"../../../Engine/Content/MobileResources/HUD/MobileHUDDirectionStick.uasset" 234
"../../../Engine/Content/MobileResources/HUD/T_Castle_ThumbstickOutter.uasset" 235
"../../../Engine/Content/Tutorial/Basics/TutorialAssets/icon_tab_Levels_40x.uasset" 236
"../../../Engine/Content/Tutorial/BlueprintTutorials/TutorialAssets/BlueprintInterface_64x.uasset" 237
"../../../Engine/Content/Tutorial/BlueprintTutorials/TutorialAssets/BlueprintMacroLibrary_64x.uasset" 238
"../../../Engine/Content/Tutorial/BlueprintTutorials/TutorialAssets/Blueprint_64x.uasset" 239
"../../../Engine/Content/Tutorial/BlueprintTutorials/TutorialAssets/Tutorial_BP_Interface.uasset" 240
"../../../Engine/Content/Tutorial/Foliage/TutorialAssets/Foliage.uasset" 241
"../../../Engine/Content/Tutorial/Landscape/TutorialAssets/Landscape.uasset" 242
"../../../Engine/Content/Tutorial/Paper2D/TutorialAssets/Paper2DFlipbook_TutorialIcon.uasset" 243
"../../../Engine/Content/Tutorial/Paper2D/TutorialAssets/Paper2DSprite_TutorialIcon.uasset" 244
"../../../Engine/Content/Tutorial/SubEditors/TutorialAssets/icon_Editor_Preferences_General_40x.uasset" 245
"../../../Engine/Content/Tutorial/SubEditors/TutorialAssets/icon_ShowSkeletalMeshes_40x.uasset" 246
"../../../Engine/Content/Tutorial/SubEditors/TutorialAssets/TutorialMaterial.uasset" 247
"../../../Engine/Content/Tutorial/SubEditors/TutorialAssets/T_SmokeSubUV_8X8.uasset" 248
"../../../Engine/Content/Tutorial/SubEditors/TutorialAssets/T_soft_smoke.uasset" 249
"../../../Engine/Content/Tutorial/SubEditors/TutorialAssets/M_smoke_subUV_blackbody.uasset" 250
"../../../Engine/Content/Tutorial/SubEditors/TutorialAssets/TutorialParticleSystem.uasset" 251
"../../../Engine/Content/EngineMaterials/WorldGridMaterial.uasset" 252
"../../../Engine/Content/Tutorial/SubEditors/TutorialAssets/Tutorial_DM.uasset" 253
"../../../DemoSun/Content/StarterContent/Architecture/deco.uasset" 254
"../../../DemoSun/Content/StarterContent/Materials/M_Basic_Floor.uasset" 255
"../../../DemoSun/Content/StarterContent/Architecture/Floor_400x400.uasset" 256
"../../../DemoSun/Content/StarterContent/Architecture/front.uasset" 257
"../../../DemoSun/Content/StarterContent/Architecture/Inside.uasset" 258
"../../../DemoSun/Content/StarterContent/Architecture/lampa.uasset" 259
"../../../DemoSun/Content/StarterContent/Architecture/Material_001.uasset" 260
"../../../DemoSun/Content/StarterContent/Architecture/Material_002.uasset" 261
"../../../DemoSun/Content/StarterContent/Architecture/Pillar_50x500.uasset" 262
"../../../DemoSun/Content/StarterContent/Materials/M_AssetPlatform.uasset" 263
"../../../DemoSun/Content/StarterContent/Architecture/SM_AssetPlatform.uasset" 264
"../../../DemoSun/Content/StarterContent/Architecture/Wall_400x200.uasset" 265
"../../../DemoSun/Content/StarterContent/Architecture/Wall_400x300.uasset" 266
"../../../DemoSun/Content/StarterContent/Architecture/Wall_400x400.uasset" 267
"../../../DemoSun/Content/StarterContent/Architecture/Wall_Door_400x400.uasset" 268
"../../../DemoSun/Content/StarterContent/Architecture/Wall_Window_400x300.uasset" 269
"../../../DemoSun/Content/StarterContent/Architecture/Wall_Window_400x400.uasset" 270
"../../../DemoSun/Content/StarterContent/Audio/Collapse_Cue.uasset" 271
"../../../DemoSun/Content/StarterContent/Audio/Light01_Cue.uasset" 272
"../../../DemoSun/Content/StarterContent/Audio/Light02_Cue.uasset" 273
"../../../DemoSun/Content/StarterContent/Audio/Starter_Background_Cue.uasset" 274
"../../../DemoSun/Content/StarterContent/Audio/Starter_Music_Cue.uasset" 275
"../../../DemoSun/Content/StarterContent/Textures/T_Lamp_M.uasset" 276
"../../../DemoSun/Content/StarterContent/Textures/T_Lamp_N.uasset" 277
"../../../DemoSun/Content/StarterContent/Props/Materials/M_Lamp.uasset" 278
"../../../DemoSun/Content/StarterContent/Props/SM_Lamp_Ceiling.uasset" 279
"../../../DemoSun/Content/StarterContent/Blueprints/Blueprint_CeilingLight.uasset" 280
"../../../DemoSun/Content/StarterContent/Audio/Explosion_Cue.uasset" 281
"../../../DemoSun/Content/StarterContent/Textures/T_Burst_M.uasset" 282
"../../../DemoSun/Content/StarterContent/Particles/Materials/M_Burst.uasset" 283
"../../../DemoSun/Content/StarterContent/Textures/T_Explosion_SubUV.uasset" 284
"../../../DemoSun/Content/StarterContent/Particles/Materials/M_explosion_subUV.uasset" 285
"../../../DemoSun/Content/StarterContent/Particles/Materials/m_flare_01.uasset" 286
"../../../Engine/Content/Functions/Engine_MaterialFunctions01/Gradient/RadialGradient.uasset" 287
"../../../DemoSun/Content/StarterContent/Particles/Materials/M_radial_ramp.uasset" 288
"../../../DemoSun/Content/StarterContent/Particles/P_Explosion.uasset" 289
"../../../DemoSun/Content/StarterContent/Blueprints/Blueprint_Effect_Explosion.uasset" 290
"../../../DemoSun/Content/StarterContent/Audio/Fire01_Cue.uasset" 291
"../../../DemoSun/Content/StarterContent/Textures/T_Fire_SubUV.uasset" 292
"../../../DemoSun/Content/StarterContent/Textures/T_Fire_Tiled_D.uasset" 293
"../../../DemoSun/Content/StarterContent/Particles/Materials/M_Fire_SubUV.uasset" 294
"../../../DemoSun/Content/StarterContent/Particles/Materials/M_Heat_Distortion.uasset" 295
"../../../DemoSun/Content/StarterContent/Particles/Materials/M_Radial_Gradient.uasset" 296
"../../../DemoSun/Content/StarterContent/Particles/P_Fire.uasset" 297
"../../../DemoSun/Content/StarterContent/Blueprints/Blueprint_Effect_Fire.uasset" 298
"../../../DemoSun/Content/StarterContent/Audio/Smoke01_Cue.uasset" 299
"../../../DemoSun/Content/StarterContent/Particles/P_Smoke.uasset" 300
"../../../DemoSun/Content/StarterContent/Blueprints/Blueprint_Effect_Smoke.uasset" 301
"../../../DemoSun/Content/StarterContent/Audio/Fire_Sparks01_Cue.uasset" 302
"../../../DemoSun/Content/StarterContent/Textures/T_Spark_Core.uasset" 303
"../../../DemoSun/Content/StarterContent/Particles/Materials/M_Spark.uasset" 304
"../../../DemoSun/Content/StarterContent/Particles/P_Sparks.uasset" 305
"../../../DemoSun/Content/StarterContent/Blueprints/Blueprint_Effect_Sparks.uasset" 306
"../../../DemoSun/Content/StarterContent/Audio/Steam01_Cue.uasset" 307
"../../../DemoSun/Content/StarterContent/Particles/P_Steam_Lit.uasset" 308
"../../../DemoSun/Content/StarterContent/Blueprints/Blueprint_Effect_Steam.uasset" 309
"../../../DemoSun/Content/StarterContent/Props/SM_Lamp_Wall.uasset" 310
"../../../DemoSun/Content/StarterContent/Blueprints/Blueprint_WallSconce.uasset" 311
"../../../DemoSun/Content/StarterContent/Blueprints/Assets/FogBrightnessLUT.uasset" 312
"../../../DemoSun/Content/StarterContent/Blueprints/Assets/SunlightColorLUT.uasset" 313
"../../../DemoSun/Content/StarterContent/Blueprints/Assets/M_LightStage_Arrows.uasset" 314
"../../../Engine/Content/MapTemplates/Sky/DaylightAmbientCubemap.uasset" 315
"../../../DemoSun/Content/StarterContent/Blueprints/Assets/M_LightStage_Skybox_Master.uasset" 316
"../../../DemoSun/Content/StarterContent/Blueprints/Assets/M_LightStage_Skybox_Black.uasset" 317
"../../../DemoSun/Content/StarterContent/Blueprints/Assets/M_LightStage_Skybox_HDRI.uasset" 318
"../../../Engine/Content/EditorMaterials/Thumbnails/SkySphereMaterial.uasset" 319
"../../../DemoSun/Content/StarterContent/Blueprints/Assets/Skybox.uasset" 320
"../../../DemoSun/Content/StarterContent/Blueprints/Assets/SM_Arrows.uasset" 321
"../../../DemoSun/Content/StarterContent/Blueprints/BP_LightStudio.uasset" 322
"../../../DemoSun/Content/StarterContent/Maps/FirstPerson/FPWeapon/Textures/T_FPGun_N.uasset" 323
"../../../DemoSun/Content/StarterContent/Maps/FirstPerson/Meshes/BaseMaterial.uasset" 324
"../../../DemoSun/Content/StarterContent/Maps/FirstPerson/Meshes/FirstPersonProjectileMaterial.uasset" 325
"../../../DemoSun/Content/StarterContent/Maps/FirstPerson/Meshes/FirstPersonProjectileMesh.uasset" 326
"../../../DemoSun/Content/StarterContent/Maps/FirstPersonBP/Blueprints/FirstPersonCharacter.uasset" 327
"../../../DemoSun/Content/StarterContent/Maps/FirstPersonBP/Blueprints/FirstPersonProjectile.uasset" 328
"../../../DemoSun/Content/StarterContent/Maps/StarterContent/Architecture/Col1.uasset" 329
"../../../DemoSun/Content/StarterContent/Architecture/Material.uasset" 330
"../../../DemoSun/Content/StarterContent/Maps/StarterContent/Architecture/ESPADA_INI.uasset" 331
"../../../DemoSun/Content/StarterContent/Maps/StarterContent/Architecture/FontaDemo.uasset" 332
"../../../DemoSun/Content/StarterContent/Maps/StarterContent/Architecture/Material.uasset" 333
"../../../DemoSun/Content/StarterContent/Maps/StarterContent/Architecture/PuertaDemo.uasset" 334
"../../../DemoSun/Content/StarterContent/Maps/StarterContent/Architecture/RockSave.uasset" 335
"../../../DemoSun/Content/StarterContent/Maps/StarterContent/Textures/T_Water_N.uasset" 336
"../../../DemoSun/Content/StarterContent/Textures/T_Brick_Clay_Beveled_D.uasset" 337
"../../../DemoSun/Content/StarterContent/Textures/T_Brick_Clay_Beveled_M.uasset" 338
"../../../DemoSun/Content/StarterContent/Textures/T_Brick_Clay_Beveled_N.uasset" 339
"../../../DemoSun/Content/StarterContent/Materials/M_Brick_Clay_Beveled.uasset" 340
"../../../DemoSun/Content/StarterContent/Textures/T_Brick_Clay_New_D.uasset" 341
"../../../DemoSun/Content/StarterContent/Textures/T_Brick_Clay_New_M.uasset" 342
"../../../DemoSun/Content/StarterContent/Textures/T_Brick_Clay_New_N.uasset" 343
"../../../DemoSun/Content/StarterContent/Textures/T_Detail_Rocky_N.uasset" 344
"../../../DemoSun/Content/StarterContent/Materials/M_Brick_Clay_New.uasset" 345
"../../../DemoSun/Content/StarterContent/Textures/T_Brick_Clay_Old_D.uasset" 346
"../../../DemoSun/Content/StarterContent/Textures/T_Brick_Clay_Old_N.uasset" 347
"../../../DemoSun/Content/StarterContent/Materials/M_Brick_Clay_Old.uasset" 348
"../../../DemoSun/Content/StarterContent/Textures/T_Brick_Cut_Stone_D.uasset" 349
"../../../DemoSun/Content/StarterContent/Textures/T_Brick_Cut_Stone_N.uasset" 350
"../../../DemoSun/Content/StarterContent/Materials/M_Brick_Cut_Stone.uasset" 351
"../../../DemoSun/Content/StarterContent/Textures/T_Brick_Hewn_Stone_D.uasset" 352
"../../../DemoSun/Content/StarterContent/Textures/T_Brick_Hewn_Stone_M.uasset" 353
"../../../DemoSun/Content/StarterContent/Textures/T_Brick_Hewn_Stone_N.uasset" 354
"../../../DemoSun/Content/StarterContent/Materials/M_Brick_Hewn_Stone.uasset" 355
"../../../DemoSun/Content/StarterContent/Textures/T_Ceramic_Tile_M.uasset" 356
"../../../DemoSun/Content/StarterContent/Textures/T_Ceramic_Tile_N.uasset" 357
"../../../DemoSun/Content/StarterContent/Materials/M_Ceramic_Tile_Checker.uasset" 358
"../../../DemoSun/Content/StarterContent/Textures/T_CobbleStone_Pebble_D.uasset" 359
"../../../DemoSun/Content/StarterContent/Textures/T_CobbleStone_Pebble_M.uasset" 360
"../../../DemoSun/Content/StarterContent/Textures/T_CobbleStone_Pebble_N.uasset" 361
"../../../DemoSun/Content/StarterContent/Materials/M_CobbleStone_Pebble.uasset" 362
"../../../DemoSun/Content/StarterContent/Textures/T_CobbleStone_Rough_D.uasset" 363
"../../../DemoSun/Content/StarterContent/Textures/T_CobbleStone_Rough_N.uasset" 364
"../../../DemoSun/Content/StarterContent/Textures/T_Gradinet_01.uasset" 365
"../../../DemoSun/Content/StarterContent/Textures/T_Rock_Smooth_Granite_D.uasset" 366
"../../../DemoSun/Content/StarterContent/Materials/M_CobbleStone_Rough.uasset" 367
"../../../DemoSun/Content/StarterContent/Textures/T_CobbleStone_Smooth_D.uasset" 368
"../../../DemoSun/Content/StarterContent/Textures/T_CobbleStone_Smooth_M.uasset" 369
"../../../DemoSun/Content/StarterContent/Textures/T_CobbleStone_Smooth_N.uasset" 370
"../../../DemoSun/Content/StarterContent/Materials/M_CobbleStone_Smooth.uasset" 371
"../../../DemoSun/Content/StarterContent/Materials/M_ColorGrid_LowSpec.uasset" 372
"../../../DemoSun/Content/StarterContent/Textures/T_Concrete_Grime_D.uasset" 373
"../../../DemoSun/Content/StarterContent/Materials/M_Concrete_Grime.uasset" 374
"../../../DemoSun/Content/StarterContent/Textures/T_Concrete_Panels_D.uasset" 375
"../../../DemoSun/Content/StarterContent/Textures/T_Concrete_Panels_N.uasset" 376
"../../../DemoSun/Content/StarterContent/Materials/M_Concrete_Panels.uasset" 377
"../../../DemoSun/Content/StarterContent/Textures/T_Concrete_Poured_D.uasset" 378
"../../../DemoSun/Content/StarterContent/Textures/T_Concrete_Poured_N.uasset" 379
"../../../DemoSun/Content/StarterContent/Materials/M_Concrete_Poured.uasset" 380
"../../../DemoSun/Content/StarterContent/Textures/T_Concrete_Tiles_D.uasset" 381
"../../../DemoSun/Content/StarterContent/Textures/T_Concrete_Tiles_M.uasset" 382
"../../../DemoSun/Content/StarterContent/Textures/T_Concrete_Tiles_N.uasset" 383
"../../../DemoSun/Content/StarterContent/Textures/T_Concrete_Tiles_Variation_M.uasset" 384
"../../../DemoSun/Content/StarterContent/Materials/M_Concrete_Tiles.uasset" 385
"../../../DemoSun/Content/StarterContent/Textures/T_Ground_Grass_D.uasset" 386
"../../../DemoSun/Content/StarterContent/Textures/T_Ground_Grass_N.uasset" 387
"../../../DemoSun/Content/StarterContent/Materials/M_Ground_Grass.uasset" 388
"../../../DemoSun/Content/StarterContent/Textures/T_Ground_Gravel_D.uasset" 389
"../../../DemoSun/Content/StarterContent/Textures/T_Ground_Gravel_N.uasset" 390
"../../../DemoSun/Content/StarterContent/Materials/M_Ground_Gravel.uasset" 391
"../../../DemoSun/Content/StarterContent/Textures/T_ground_Moss_D.uasset" 392
"../../../DemoSun/Content/StarterContent/Textures/T_Ground_Moss_N.uasset" 393
"../../../DemoSun/Content/StarterContent/Materials/M_Ground_Moss.uasset" 394
"../../../DemoSun/Content/StarterContent/Materials/M_Metal_Brushed_Nickel.uasset" 395
"../../../DemoSun/Content/StarterContent/Props/MaterialSphere.uasset" 396
"../../../DemoSun/Content/StarterContent/Textures/T_Bush_D.uasset" 397
"../../../DemoSun/Content/StarterContent/Textures/T_Bush_N.uasset" 398
"../../../DemoSun/Content/StarterContent/Props/Materials/M_Bush.uasset" 399
"../../../DemoSun/Content/StarterContent/Props/SM_Bush.uasset" 400
"../../../DemoSun/Content/StarterContent/Textures/T_Chair_M.uasset" 401
"../../../DemoSun/Content/StarterContent/Textures/T_Chair_N.uasset" 402
"../../../DemoSun/Content/StarterContent/Props/Materials/M_Chair.uasset" 403
"../../../DemoSun/Content/StarterContent/Props/SM_Chair.uasset" 404
"../../../DemoSun/Content/StarterContent/Textures/T_Frame_M.uasset" 405
"../../../DemoSun/Content/StarterContent/Textures/T_Frame_N.uasset" 406
"../../../DemoSun/Content/StarterContent/Props/Materials/M_Frame.uasset" 407
"../../../DemoSun/Content/StarterContent/Props/SM_CornerFrame.uasset" 408
"../../../DemoSun/Content/StarterContent/Props/SM_Couch.uasset" 409
"../../../DemoSun/Content/StarterContent/Materials/M_Glass.uasset" 410
"../../../DemoSun/Content/StarterContent/Textures/T_Door_M.uasset" 411
"../../../DemoSun/Content/StarterContent/Textures/T_Door_N.uasset" 412
"../../../DemoSun/Content/StarterContent/Props/Materials/M_Door.uasset" 413
"../../../DemoSun/Content/StarterContent/Props/SM_Door.uasset" 414
"../../../DemoSun/Content/StarterContent/Props/SM_DoorFrame.uasset" 415
"../../../DemoSun/Content/StarterContent/Props/SM_GlassWindow.uasset" 416
"../../../DemoSun/Content/StarterContent/Props/Materials/M_MaterialSphere.uasset" 417
"../../../DemoSun/Content/StarterContent/Props/Materials/M_MaterialSphere_Plain.uasset" 418
"../../../DemoSun/Content/StarterContent/Props/SM_MatPreviewMesh_02.uasset" 419
"../../../DemoSun/Content/StarterContent/Props/SM_PillarFrame.uasset" 420
"../../../DemoSun/Content/StarterContent/Props/SM_PillarFrame300.uasset" 421
"../../../DemoSun/Content/StarterContent/Textures/T_RockMesh_M.uasset" 422
"../../../DemoSun/Content/StarterContent/Textures/T_RockMesh_N.uasset" 423
"../../../DemoSun/Content/StarterContent/Props/Materials/M_Rock.uasset" 424
"../../../DemoSun/Content/StarterContent/Props/SM_Rock.uasset" 425
"../../../DemoSun/Content/StarterContent/Textures/T_Shelf_M.uasset" 426
"../../../DemoSun/Content/StarterContent/Textures/T_Shelf_N.uasset" 427
"../../../DemoSun/Content/StarterContent/Props/Materials/M_Shelf.uasset" 428
"../../../DemoSun/Content/StarterContent/Props/SM_Shelf.uasset" 429
"../../../DemoSun/Content/StarterContent/Props/SM_Stairs.uasset" 430
"../../../DemoSun/Content/StarterContent/Textures/T_TableRound_M.uasset" 431
"../../../DemoSun/Content/StarterContent/Textures/T_TableRound_N.uasset" 432
"../../../DemoSun/Content/StarterContent/Props/Materials/M_TableRound.uasset" 433
"../../../DemoSun/Content/StarterContent/Props/SM_TableRound.uasset" 434
"../../../DemoSun/Content/StarterContent/Props/SM_WindowFrame.uasset" 435
"../../../DemoSun/Content/StarterContent/Props/Materials/Material.uasset" 436
"../../../DemoSun/Content/StarterContent/Shapes/Shape_Cone.uasset" 437
"../../../DemoSun/Content/StarterContent/Shapes/Shape_Cube.uasset" 438
"../../../DemoSun/Content/StarterContent/Shapes/Shape_Cylinder.uasset" 439
"../../../DemoSun/Content/StarterContent/Shapes/Shape_NarrowCapsule.uasset" 440
"../../../DemoSun/Content/StarterContent/Acciones/Zero.uasset" 441
"../../../DemoSun/Content/StarterContent/Acciones/FPSZ.uasset" 442
"../../../DemoSun/Content/StarterContent/Maps/StarterContent/Materials/M_AssetPlatform.uasset" 443
"../../../DemoSun/Content/StarterContent/Maps/StarterContent/Materials/M_Basic_Wall.uasset" 444
"../../../DemoSun/Content/StarterContent/Maps/StarterContent/Props/Materials/M_MaterialSphere_Plain.uasset" 445
"../../../DemoSun/Content/StarterContent/Materials/M_Tech_Hex_Tile.uasset" 446
"../../../DemoSun/Content/StarterContent/Textures/T_Tech_Panel_M.uasset" 447
"../../../DemoSun/Content/StarterContent/Textures/T_Tech_Panel_N.uasset" 448
"../../../DemoSun/Content/StarterContent/Materials/M_Tech_Panel.uasset" 449
"../../../DemoSun/Content/StarterContent/Materials/M_Water_Lake.uasset" 450
"../../../DemoSun/Content/StarterContent/Materials/M_Water_Ocean.uasset" 451
"../../../Engine/Content/BasicShapes/Cube.uasset" 452
"../../../DemoSun/Content/StarterContent/Architecture/Col2.uasset" 453
"../../../DemoSun/Content/StarterContent/Architecture/DecoM1.uasset" 454
"../../../DemoSun/Content/StarterContent/Architecture/DoorDemo.uasset" 455
"../../../DemoSun/Content/StarterContent/Architecture/ESPADA_INI.uasset" 456
"../../../DemoSun/Content/StarterContent/Architecture/FontaDemo.uasset" 457
"../../../DemoSun/Content/StarterContent/Architecture/PuertaDemo.uasset" 458
"../../../DemoSun/Content/StarterContent/Architecture/RockSave.uasset" 459
"../../../DemoSun/Content/StarterContent/Architecture/normals.uasset" 460
"../../../DemoSun/Content/StarterContent/Architecture/TopDemo.uasset" 461
"../../../DemoSun/Content/StarterContent/Architecture/Wall_500x500.uasset" 462
"../../../DemoSun/Content/StarterContent/Audio/Esther_Garcia_-_A_Thousand_Years_01_01.uasset" 463
"../../../DemoSun/Content/StarterContent/Maps/Minimal_Default.umap" 464
"../../../Engine/Content/EngineMaterials/DefaultNormal.uasset" 465
"../../../Engine/Content/Maps/Entry.umap" 466
"../../../Engine/Content/EngineMaterials/White.uasset" 467
"../../../DemoSun/Content/StarterContent/Architecture/Col1.uasset" 468
"../../../DemoSun/Content/StarterContent/Architecture/Wall_Door_400x300.uasset" 469
"../../../DemoSun/Content/StarterContent/Maps/StarterContent/Maps/MapaDEmo.umap" 470
